0 info it worked if it ends with ok
1 verbose cli [ '/usr/local/bin/node',
1 verbose cli   '/usr/local/bin/npm',
1 verbose cli   'run',
1 verbose cli   'test-sauce' ]
2 info using npm@3.10.10
3 info using node@v6.11.0
4 verbose run-script [ 'pretest-sauce', 'test-sauce', 'posttest-sauce' ]
5 info lifecycle app-analytics@1.0.14~pretest-sauce: app-analytics@1.0.14
6 silly lifecycle app-analytics@1.0.14~pretest-sauce: no script for pretest-sauce, continuing
7 info lifecycle app-analytics@1.0.14~test-sauce: app-analytics@1.0.14
8 verbose lifecycle app-analytics@1.0.14~test-sauce: unsafe-perm in lifecycle true
9 verbose lifecycle app-analytics@1.0.14~test-sauce: PATH: /usr/local/lib/node_modules/npm/bin/node-gyp-bin:/home/jarrod/workspace/advanced-rest-client/app-analytics/node_modules/.bin:/home/jarrod/anaconda2/bin:/home/jarrod/sdk/google-cloud-sdk/bin:/home/jarrod/bin:/home/jarrod/.local/bin:/home/jarrod/sdk/apache-maven-3.3.9/bin:/usr/local/sbin:/usr/local/bin:/usr/sbin:/usr/bin:/sbin:/bin:/usr/games:/usr/local/games:/snap/bin
10 verbose lifecycle app-analytics@1.0.14~test-sauce: CWD: /home/jarrod/workspace/advanced-rest-client/app-analytics
11 silly lifecycle app-analytics@1.0.14~test-sauce: Args: [ '-c',
11 silly lifecycle   'polymer test --plugin sauce --job-name "app-analytics:local-test"' ]
12 silly lifecycle app-analytics@1.0.14~test-sauce: Returned: code: 1  signal: null
13 info lifecycle app-analytics@1.0.14~test-sauce: Failed to exec test-sauce script
14 verbose stack Error: app-analytics@1.0.14 test-sauce: `polymer test --plugin sauce --job-name "app-analytics:local-test"`
14 verbose stack Exit status 1
14 verbose stack     at EventEmitter.<anonymous> (/usr/local/lib/node_modules/npm/lib/utils/lifecycle.js:255:16)
14 verbose stack     at emitTwo (events.js:106:13)
14 verbose stack     at EventEmitter.emit (events.js:191:7)
14 verbose stack     at ChildProcess.<anonymous> (/usr/local/lib/node_modules/npm/lib/utils/spawn.js:40:14)
14 verbose stack     at emitTwo (events.js:106:13)
14 verbose stack     at ChildProcess.emit (events.js:191:7)
14 verbose stack     at maybeClose (internal/child_process.js:891:16)
14 verbose stack     at Process.ChildProcess._handle.onexit (internal/child_process.js:226:5)
15 verbose pkgid app-analytics@1.0.14
16 verbose cwd /home/jarrod/workspace/advanced-rest-client/app-analytics
17 error Linux 4.4.0-83-generic
18 error argv "/usr/local/bin/node" "/usr/local/bin/npm" "run" "test-sauce"
19 error node v6.11.0
20 error npm  v3.10.10
21 error code ELIFECYCLE
22 error app-analytics@1.0.14 test-sauce: `polymer test --plugin sauce --job-name "app-analytics:local-test"`
22 error Exit status 1
23 error Failed at the app-analytics@1.0.14 test-sauce script 'polymer test --plugin sauce --job-name "app-analytics:local-test"'.
23 error Make sure you have the latest version of node.js and npm installed.
23 error If you do, this is most likely a problem with the app-analytics package,
23 error not with npm itself.
23 error Tell the author that this fails on your system:
23 error     polymer test --plugin sauce --job-name "app-analytics:local-test"
23 error You can get information on how to open an issue for this project with:
23 error     npm bugs app-analytics
23 error Or if that isn't available, you can get their info via:
23 error     npm owner ls app-analytics
23 error There is likely additional logging output above.
24 verbose exit [ 1, true ]
